Determining if the pthread_create exist failed with the following output:
Change Dir: /home/wm/Short-Circuit/build/CMakeFiles/CMakeTmp

Run Build Command:/usr/bin/make "cmTryCompileExec3949566038/fast"
/usr/bin/make -f CMakeFiles/cmTryCompileExec3949566038.dir/build.make CMakeFiles/cmTryCompileExec3949566038.dir/build
make[1]: Entering directory `/home/wm/Short-Circuit/build/CMakeFiles/CMakeTmp'
/usr/bin/cmake -E cmake_progress_report /home/wm/Short-Circuit/build/CMakeFiles/CMakeTmp/CMakeFiles 1
Building C object CMakeFiles/cmTryCompileExec3949566038.dir/CheckSymbolExists.c.o
/usr/bin/cc    -o CMakeFiles/cmTryCompileExec3949566038.dir/CheckSymbolExists.c.o   -c /home/wm/Short-Circuit/build/CMakeFiles/CMakeTmp/CheckSymbolExists.c
Linking C executable cmTryCompileExec3949566038
/usr/bin/cmake -E cmake_link_script CMakeFiles/cmTryCompileExec3949566038.dir/link.txt --verbose=1
/usr/bin/cc       CMakeFiles/cmTryCompileExec3949566038.dir/CheckSymbolExists.c.o  -o cmTryCompileExec3949566038 -rdynamic 
CMakeFiles/cmTryCompileExec3949566038.dir/CheckSymbolExists.c.o: In function `main':
CheckSymbolExists.c:(.text+0x16): undefined reference to `pthread_create'
collect2: error: ld returned 1 exit status
make[1]: *** [cmTryCompileExec3949566038] Error 1
make[1]: Leaving directory `/home/wm/Short-Circuit/build/CMakeFiles/CMakeTmp'
make: *** [cmTryCompileExec3949566038/fast] Error 2

File /home/wm/Short-Circuit/build/CMakeFiles/CMakeTmp/CheckSymbolExists.c:
/* */
#include <pthread.h>

int main(int argc, char** argv)
{
  (void)argv;
#ifndef pthread_create
  return ((int*)(&pthread_create))[argc];
#else
  (void)argc;
  return 0;
#endif
}

Determining if the function pthread_create exists in the pthreads failed with the following output:
Change Dir: /home/wm/Short-Circuit/build/CMakeFiles/CMakeTmp

Run Build Command:/usr/bin/make "cmTryCompileExec903627146/fast"
/usr/bin/make -f CMakeFiles/cmTryCompileExec903627146.dir/build.make CMakeFiles/cmTryCompileExec903627146.dir/build
make[1]: Entering directory `/home/wm/Short-Circuit/build/CMakeFiles/CMakeTmp'
/usr/bin/cmake -E cmake_progress_report /home/wm/Short-Circuit/build/CMakeFiles/CMakeTmp/CMakeFiles 1
Building C object CMakeFiles/cmTryCompileExec903627146.dir/CheckFunctionExists.c.o
/usr/bin/cc   -DCHECK_FUNCTION_EXISTS=pthread_create   -o CMakeFiles/cmTryCompileExec903627146.dir/CheckFunctionExists.c.o   -c /usr/share/cmake-2.8/Modules/CheckFunctionExists.c
Linking C executable cmTryCompileExec903627146
/usr/bin/cmake -E cmake_link_script CMakeFiles/cmTryCompileExec903627146.dir/link.txt --verbose=1
/usr/bin/cc   -DCHECK_FUNCTION_EXISTS=pthread_create    CMakeFiles/cmTryCompileExec903627146.dir/CheckFunctionExists.c.o  -o cmTryCompileExec903627146 -rdynamic -lpthreads 
/usr/bin/ld: cannot find -lpthreads
collect2: error: ld returned 1 exit status
make[1]: *** [cmTryCompileExec903627146] Error 1
make[1]: Leaving directory `/home/wm/Short-Circuit/build/CMakeFiles/CMakeTmp'
make: *** [cmTryCompileExec903627146/fast] Error 2


Determining if the Q_WS_WIN exist failed with the following output:
Change Dir: /home/wm/Short-Circuit/build/CMakeFiles/CMakeTmp

Run Build Command:/usr/bin/make "cmTryCompileExec296705767/fast"
/usr/bin/make -f CMakeFiles/cmTryCompileExec296705767.dir/build.make CMakeFiles/cmTryCompileExec296705767.dir/build
make[1]: Entering directory `/home/wm/Short-Circuit/build/CMakeFiles/CMakeTmp'
/usr/bin/cmake -E cmake_progress_report /home/wm/Short-Circuit/build/CMakeFiles/CMakeTmp/CMakeFiles 1
Building CXX object CMakeFiles/cmTryCompileExec296705767.dir/CheckSymbolExists.cxx.o
/usr/bin/c++    -I/usr/include/qt4    -o CMakeFiles/cmTryCompileExec296705767.dir/CheckSymbolExists.cxx.o -c /home/wm/Short-Circuit/build/CMakeFiles/CMakeTmp/CheckSymbolExists.cxx
/home/wm/Short-Circuit/build/CMakeFiles/CMakeTmp/CheckSymbolExists.cxx: In function ‘int main(int, char**)’:
/home/wm/Short-Circuit/build/CMakeFiles/CMakeTmp/CheckSymbolExists.cxx:8:19: error: ‘Q_WS_WIN’ was not declared in this scope
   return ((int*)(&Q_WS_WIN))[argc];
                   ^
make[1]: Leaving directory `/home/wm/Short-Circuit/build/CMakeFiles/CMakeTmp'
make[1]: *** [CMakeFiles/cmTryCompileExec296705767.dir/CheckSymbolExists.cxx.o] Error 1
make: *** [cmTryCompileExec296705767/fast] Error 2

File /home/wm/Short-Circuit/build/CMakeFiles/CMakeTmp/CheckSymbolExists.cxx:
/* */
#include <QtCore/qglobal.h>

int main(int argc, char** argv)
{
  (void)argv;
#ifndef Q_WS_WIN
  return ((int*)(&Q_WS_WIN))[argc];
#else
  (void)argc;
  return 0;
#endif
}

Determining if the Q_WS_QWS exist failed with the following output:
Change Dir: /home/wm/Short-Circuit/build/CMakeFiles/CMakeTmp

Run Build Command:/usr/bin/make "cmTryCompileExec2954152252/fast"
/usr/bin/make -f CMakeFiles/cmTryCompileExec2954152252.dir/build.make CMakeFiles/cmTryCompileExec2954152252.dir/build
make[1]: Entering directory `/home/wm/Short-Circuit/build/CMakeFiles/CMakeTmp'
/usr/bin/cmake -E cmake_progress_report /home/wm/Short-Circuit/build/CMakeFiles/CMakeTmp/CMakeFiles 1
Building CXX object CMakeFiles/cmTryCompileExec2954152252.dir/CheckSymbolExists.cxx.o
/usr/bin/c++    -I/usr/include/qt4    -o CMakeFiles/cmTryCompileExec2954152252.dir/CheckSymbolExists.cxx.o -c /home/wm/Short-Circuit/build/CMakeFiles/CMakeTmp/CheckSymbolExists.cxx
/home/wm/Short-Circuit/build/CMakeFiles/CMakeTmp/CheckSymbolExists.cxx: In function ‘int main(int, char**)’:
/home/wm/Short-Circuit/build/CMakeFiles/CMakeTmp/CheckSymbolExists.cxx:8:19: error: ‘Q_WS_QWS’ was not declared in this scope
   return ((int*)(&Q_WS_QWS))[argc];
                   ^
make[1]: Leaving directory `/home/wm/Short-Circuit/build/CMakeFiles/CMakeTmp'
make[1]: *** [CMakeFiles/cmTryCompileExec2954152252.dir/CheckSymbolExists.cxx.o] Error 1
make: *** [cmTryCompileExec2954152252/fast] Error 2

File /home/wm/Short-Circuit/build/CMakeFiles/CMakeTmp/CheckSymbolExists.cxx:
/* */
#include <QtCore/qglobal.h>

int main(int argc, char** argv)
{
  (void)argv;
#ifndef Q_WS_QWS
  return ((int*)(&Q_WS_QWS))[argc];
#else
  (void)argc;
  return 0;
#endif
}

Determining if the Q_WS_MAC exist failed with the following output:
Change Dir: /home/wm/Short-Circuit/build/CMakeFiles/CMakeTmp

Run Build Command:/usr/bin/make "cmTryCompileExec263087303/fast"
/usr/bin/make -f CMakeFiles/cmTryCompileExec263087303.dir/build.make CMakeFiles/cmTryCompileExec263087303.dir/build
make[1]: Entering directory `/home/wm/Short-Circuit/build/CMakeFiles/CMakeTmp'
/usr/bin/cmake -E cmake_progress_report /home/wm/Short-Circuit/build/CMakeFiles/CMakeTmp/CMakeFiles 1
Building CXX object CMakeFiles/cmTryCompileExec263087303.dir/CheckSymbolExists.cxx.o
/usr/bin/c++    -I/usr/include/qt4    -o CMakeFiles/cmTryCompileExec263087303.dir/CheckSymbolExists.cxx.o -c /home/wm/Short-Circuit/build/CMakeFiles/CMakeTmp/CheckSymbolExists.cxx
/home/wm/Short-Circuit/build/CMakeFiles/CMakeTmp/CheckSymbolExists.cxx: In function ‘int main(int, char**)’:
/home/wm/Short-Circuit/build/CMakeFiles/CMakeTmp/CheckSymbolExists.cxx:8:19: error: ‘Q_WS_MAC’ was not declared in this scope
   return ((int*)(&Q_WS_MAC))[argc];
                   ^
make[1]: Leaving directory `/home/wm/Short-Circuit/build/CMakeFiles/CMakeTmp'
make[1]: *** [CMakeFiles/cmTryCompileExec263087303.dir/CheckSymbolExists.cxx.o] Error 1
make: *** [cmTryCompileExec263087303/fast] Error 2

File /home/wm/Short-Circuit/build/CMakeFiles/CMakeTmp/CheckSymbolExists.cxx:
/* */
#include <QtCore/qglobal.h>

int main(int argc, char** argv)
{
  (void)argv;
#ifndef Q_WS_MAC
  return ((int*)(&Q_WS_MAC))[argc];
#else
  (void)argc;
  return 0;
#endif
}

